<?xml version="1.0" encoding="UTF-8"?>
<!-- Generated by org.testng.reporters.JUnitXMLReporter -->
<testsuite hostname="codeLover.local" ignored="0" name="Test" tests="3" failures="0" timestamp="30 Dec 2019 00:58:32 GMT" time="17.38" errors="0">
  <testcase name="testOne" time="3.409" classname="random.test.BrowserUtility"/>
  <testcase name="testThree" time="3.508" classname="random.test.BrowserUtility"/>
  <testcase name="testTwo" time="3.738" classname="random.test.BrowserUtility"/>
</testsuite> <!-- Test -->
