<?xml version="1.0" encoding="UTF-8"?>
<testng-results skipped="0" failed="0" ignored="0" total="3" passed="3">
  <reporter-output>
  </reporter-output>
  <suite name="Suite" duration-ms="17380" started-at="2019-12-30T00:58:15Z" finished-at="2019-12-30T00:58:32Z">
    <groups>
    </groups>
    <test name="Test" duration-ms="17380" started-at="2019-12-30T00:58:15Z" finished-at="2019-12-30T00:58:32Z">
      <class name="random.test.BrowserUtility">
        <test-method status="PASS" signature="openBrowser()[pri:0, instance:random.test.BrowserUtility@4cf777e8]" name="openBrowser" is-config="true" duration-ms="3461" started-at="2019-12-30T00:58:15Z" finished-at="2019-12-30T00:58:18Z">
          <reporter-output>
          </reporter-output>
        </test-method> <!-- openBrowser -->
        <test-method status="PASS" signature="testOne()[pri:0, instance:random.test.BrowserUtility@4cf777e8]" name="testOne" duration-ms="3409" started-at="2019-12-30T00:58:18Z" finished-at="2019-12-30T00:58:22Z">
          <reporter-output>
          </reporter-output>
        </test-method> <!-- testOne -->
        <test-method status="PASS" signature="quit()[pri:0, instance:random.test.BrowserUtility@4cf777e8]" name="quit" is-config="true" duration-ms="357" started-at="2019-12-30T00:58:22Z" finished-at="2019-12-30T00:58:22Z">
          <reporter-output>
          </reporter-output>
        </test-method> <!-- quit -->
        <test-method status="PASS" signature="openBrowser()[pri:0, instance:random.test.BrowserUtility@4cf777e8]" name="openBrowser" is-config="true" duration-ms="1145" started-at="2019-12-30T00:58:22Z" finished-at="2019-12-30T00:58:23Z">
          <reporter-output>
          </reporter-output>
        </test-method> <!-- openBrowser -->
        <test-method status="PASS" signature="testThree()[pri:0, instance:random.test.BrowserUtility@4cf777e8]" name="testThree" duration-ms="3508" started-at="2019-12-30T00:58:23Z" finished-at="2019-12-30T00:58:27Z">
          <reporter-output>
          </reporter-output>
        </test-method> <!-- testThree -->
        <test-method status="PASS" signature="quit()[pri:0, instance:random.test.BrowserUtility@4cf777e8]" name="quit" is-config="true" duration-ms="272" started-at="2019-12-30T00:58:27Z" finished-at="2019-12-30T00:58:27Z">
          <reporter-output>
          </reporter-output>
        </test-method> <!-- quit -->
        <test-method status="PASS" signature="openBrowser()[pri:0, instance:random.test.BrowserUtility@4cf777e8]" name="openBrowser" is-config="true" duration-ms="1179" started-at="2019-12-30T00:58:27Z" finished-at="2019-12-30T00:58:28Z">
          <reporter-output>
          </reporter-output>
        </test-method> <!-- openBrowser -->
        <test-method status="PASS" signature="testTwo()[pri:0, instance:random.test.BrowserUtility@4cf777e8]" name="testTwo" duration-ms="3738" started-at="2019-12-30T00:58:28Z" finished-at="2019-12-30T00:58:32Z">
          <reporter-output>
          </reporter-output>
        </test-method> <!-- testTwo -->
        <test-method status="PASS" signature="quit()[pri:0, instance:random.test.BrowserUtility@4cf777e8]" name="quit" is-config="true" duration-ms="256" started-at="2019-12-30T00:58:32Z" finished-at="2019-12-30T00:58:32Z">
          <reporter-output>
          </reporter-output>
        </test-method> <!-- quit -->
      </class> <!-- random.test.BrowserUtility -->
    </test> <!-- Test -->
  </suite> <!-- Suite -->
</testng-results>
